<?xml version="1.0" encoding="UTF-8"?>
<testsuite xmlns:xsi="http://www.w3.org/2001/XMLSchema-instance" xsi:noNamespaceSchemaLocation="https://maven.apache.org/surefire/maven-surefire-plugin/xsd/surefire-test-report-3.0.xsd" version="3.0" name="TestSuite" time="14.924" tests="3" errors="0" skipped="0" failures="0">
  <properties>
    <property name="java.specification.version" value="17"/>
    <property name="sun.cpu.isalist" value="amd64"/>
    <property name="sun.jnu.encoding" value="Cp1252"/>
    <property name="java.class.path" value="C:\Users\mofiz\eclipse-workspace\SamplePageObject\target\test-classes;C:\Users\mofiz\eclipse-workspace\SamplePageObject\target\classes;C:\Users\mofiz\.m2\repository\com\microsoft\playwright\playwright\1.54.0\playwright-1.54.0.jar;C:\Users\mofiz\.m2\repository\com\google\code\gson\gson\2.12.1\gson-2.12.1.jar;C:\Users\mofiz\.m2\repository\com\google\errorprone\error_prone_annotations\2.36.0\error_prone_annotations-2.36.0.jar;C:\Users\mofiz\.m2\repository\org\opentest4j\opentest4j\1.3.0\opentest4j-1.3.0.jar;C:\Users\mofiz\.m2\repository\com\microsoft\playwright\driver\1.54.0\driver-1.54.0.jar;C:\Users\mofiz\.m2\repository\com\microsoft\playwright\driver-bundle\1.54.0\driver-bundle-1.54.0.jar;C:\Users\mofiz\.m2\repository\org\testng\testng\7.10.0\testng-7.10.0.jar;C:\Users\mofiz\.m2\repository\org\slf4j\slf4j-api\1.7.36\slf4j-api-1.7.36.jar;C:\Users\mofiz\.m2\repository\com\beust\jcommander\1.82\jcommander-1.82.jar;C:\Users\mofiz\.m2\repository\org\webjars\jquery\3.7.1\jquery-3.7.1.jar;C:\Users\mofiz\.m2\repository\io\qameta\allure\allure-testng\2.29.1\allure-testng-2.29.1.jar;C:\Users\mofiz\.m2\repository\io\qameta\allure\allure-java-commons\2.29.1\allure-java-commons-2.29.1.jar;C:\Users\mofiz\.m2\repository\io\qameta\allure\allure-model\2.29.1\allure-model-2.29.1.jar;C:\Users\mofiz\.m2\repository\io\qameta\allure\allure-test-filter\2.29.1\allure-test-filter-2.29.1.jar;"/>
    <property name="java.vm.vendor" value="Oracle Corporation"/>
    <property name="sun.arch.data.model" value="64"/>
    <property name="user.variant" value=""/>
    <property name="java.vendor.url" value="https://java.oracle.com/"/>
    <property name="user.timezone" value="America/New_York"/>
    <property name="os.name" value="Windows 11"/>
    <property name="java.vm.specification.version" value="17"/>
    <property name="sun.java.launcher" value="SUN_STANDARD"/>
    <property name="user.country" value="US"/>
    <property name="sun.boot.library.path" value="C:\Program Files\Java\jdk-17\bin"/>
    <property name="sun.java.command" value="C:\Users\mofiz\AppData\Local\Temp\surefire17558073176988058291\surefirebooter-20250903123813089_3.jar C:\Users\mofiz\AppData\Local\Temp\surefire17558073176988058291 2025-09-03T12-38-12_935-jvmRun1 surefire-20250903123813089_1tmp surefire_0-20250903123813089_2tmp"/>
    <property name="jdk.debug" value="release"/>
    <property name="surefire.test.class.path" value="C:\Users\mofiz\eclipse-workspace\SamplePageObject\target\test-classes;C:\Users\mofiz\eclipse-workspace\SamplePageObject\target\classes;C:\Users\mofiz\.m2\repository\com\microsoft\playwright\playwright\1.54.0\playwright-1.54.0.jar;C:\Users\mofiz\.m2\repository\com\google\code\gson\gson\2.12.1\gson-2.12.1.jar;C:\Users\mofiz\.m2\repository\com\google\errorprone\error_prone_annotations\2.36.0\error_prone_annotations-2.36.0.jar;C:\Users\mofiz\.m2\repository\org\opentest4j\opentest4j\1.3.0\opentest4j-1.3.0.jar;C:\Users\mofiz\.m2\repository\com\microsoft\playwright\driver\1.54.0\driver-1.54.0.jar;C:\Users\mofiz\.m2\repository\com\microsoft\playwright\driver-bundle\1.54.0\driver-bundle-1.54.0.jar;C:\Users\mofiz\.m2\repository\org\testng\testng\7.10.0\testng-7.10.0.jar;C:\Users\mofiz\.m2\repository\org\slf4j\slf4j-api\1.7.36\slf4j-api-1.7.36.jar;C:\Users\mofiz\.m2\repository\com\beust\jcommander\1.82\jcommander-1.82.jar;C:\Users\mofiz\.m2\repository\org\webjars\jquery\3.7.1\jquery-3.7.1.jar;C:\Users\mofiz\.m2\repository\io\qameta\allure\allure-testng\2.29.1\allure-testng-2.29.1.jar;C:\Users\mofiz\.m2\repository\io\qameta\allure\allure-java-commons\2.29.1\allure-java-commons-2.29.1.jar;C:\Users\mofiz\.m2\repository\io\qameta\allure\allure-model\2.29.1\allure-model-2.29.1.jar;C:\Users\mofiz\.m2\repository\io\qameta\allure\allure-test-filter\2.29.1\allure-test-filter-2.29.1.jar;"/>
    <property name="sun.cpu.endian" value="little"/>
    <property name="user.home" value="C:\Users\mofiz"/>
    <property name="user.language" value="en"/>
    <property name="java.specification.vendor" value="Oracle Corporation"/>
    <property name="java.version.date" value="2023-04-18"/>
    <property name="java.home" value="C:\Program Files\Java\jdk-17"/>
    <property name="file.separator" value="\"/>
    <property name="style.color" value="always"/>
    <property name="basedir" value="C:\Users\mofiz\eclipse-workspace\SamplePageObject"/>
    <property name="java.vm.compressedOopsMode" value="32-bit"/>
    <property name="line.separator" value="&#10;"/>
    <property name="java.vm.specification.vendor" value="Oracle Corporation"/>
    <property name="java.specification.name" value="Java Platform API Specification"/>
    <property name="surefire.real.class.path" value="C:\Users\mofiz\AppData\Local\Temp\surefire17558073176988058291\surefirebooter-20250903123813089_3.jar"/>
    <property name="user.script" value=""/>
    <property name="sun.management.compiler" value="HotSpot 64-Bit Tiered Compilers"/>
    <property name="java.runtime.version" value="17.0.7+8-LTS-224"/>
    <property name="user.name" value="mofiz"/>
    <property name="path.separator" value=";"/>
    <property name="os.version" value="10.0"/>
    <property name="java.runtime.name" value="Java(TM) SE Runtime Environment"/>
    <property name="file.encoding" value="Cp1252"/>
    <property name="java.vm.name" value="Java HotSpot(TM) 64-Bit Server VM"/>
    <property name="localRepository" value="C:\Users\mofiz\.m2\repository"/>
    <property name="java.vendor.url.bug" value="https://bugreport.java.com/bugreport/"/>
    <property name="java.io.tmpdir" value="C:\Users\mofiz\AppData\Local\Temp\"/>
    <property name="java.version" value="17.0.7"/>
    <property name="user.dir" value="C:\Users\mofiz\eclipse-workspace\SamplePageObject"/>
    <property name="os.arch" value="amd64"/>
    <property name="java.vm.specification.name" value="Java Virtual Machine Specification"/>
    <property name="sun.os.patch.level" value=""/>
    <property name="native.encoding" value="Cp1252"/>
    <property name="java.library.path" value="C:\Program Files\Java\jdk-17\bin;C:\WINDOWS\Sun\Java\bin;C:\WINDOWS\system32;C:\WINDOWS;C:/Users/mofiz/.p2/pool/plugins/org.eclipse.justj.openjdk.hotspot.jre.full.win32.x86_64_23.0.2.v20250131-0604/jre/bin/server;C:/Users/mofiz/.p2/pool/plugins/org.eclipse.justj.openjdk.hotspot.jre.full.win32.x86_64_23.0.2.v20250131-0604/jre/bin;C:\Program Files\Common Files\Oracle\Java\javapath;C:\WINDOWS\system32;C:\WINDOWS;C:\WINDOWS\System32\Wbem;C:\WINDOWS\System32\WindowsPowerShell\v1.0\;C:\WINDOWS\System32\OpenSSH\;C:\Program Files\Microsoft SQL Server\150\Tools\Binn\;C:\Program Files\Microsoft SQL Server\Client SDK\ODBC\170\Tools\Binn\;C:\Program Files\Java\jdk-21\bin;C:\Program Files\apache-maven-3.9.2\bin;C:\Program Files\Git\cmd;C:\Program Files (x86)\Microsoft SQL Server\160\DTS\Binn\;C:\Program Files\Azure Data Studio\bin;C:\Program Files\dotnet\;C:\Program Files\HP\HP One Agent;C:\WINDOWS\system32;C:\WINDOWS;C:\WINDOWS\System32\Wbem;C:\WINDOWS\System32\WindowsPowerShell\v1.0\;C:\WINDOWS\System32\OpenSSH\;C:\Users\Public\Documents\allure-2.34.1\allure-2.34.1\bin;C:\Users\mofiz\AppData\Local\Microsoft\WindowsApps;C:\Program Files\Azure Data Studio\bin;C:\Users\mofiz\.dotnet\tools;C:\Users\mofiz\AppData\Local\Programs\Microsoft VS Code\bin;C:\Users\mofiz\AppData\Local\Programs\cursor\resources\app\bin;C:\Users\mofiz\OneDrive\Desktop;;."/>
    <property name="java.vm.info" value="mixed mode, sharing"/>
    <property name="java.vendor" value="Oracle Corporation"/>
    <property name="java.vm.version" value="17.0.7+8-LTS-224"/>
    <property name="sun.io.unicode.encoding" value="UnicodeLittle"/>
    <property name="java.class.version" value="61.0"/>
  </properties>
  <testcase name="testHomePageTitle" classname="TestPackge.TestHome" time="0.206">
    <system-out><![CDATA[Launching in Firefox Browser
Protractor practice website - Banking App
]]></system-out>
    <system-err><![CDATA[SLF4J: Failed to load class "org.slf4j.impl.StaticLoggerBinder".
SLF4J: Defaulting to no-operation (NOP) logger implementation
SLF4J: See http://www.slf4j.org/codes.html#StaticLoggerBinder for further details.
]]></system-err>
  </testcase>
  <testcase name="checkUrl" classname="TestPackge.TestHome" time="0.009">
    <system-out><![CDATA[https://www.way2automation.com/angularjs-protractor/banking/#/login
]]></system-out>
  </testcase>
  <testcase name="clickRegForm" classname="TestPackge.TestHome" time="1.475"/>
</testsuite>