<?xml version="1.0" encoding="UTF-8"?>
<!-- Generated by org.testng.reporters.JUnitReportReporter -->
<testsuite hostname="Rahman2202" failures="0" tests="2" name="TestPackge.TestHome" time="3.320" errors="0" timestamp="2025-09-06T23:49:39 EDT" skipped="0">
  <testcase classname="TestPackge.TestHome" name="testHomePageTitle" time="3.300"/>
  <testcase classname="TestPackge.TestHome" name="checkUrl" time="0.020"/>
</testsuite> <!-- TestPackge.TestHome -->
