<?xml version="1.0" encoding="UTF-8"?>
<!-- Generated by org.testng.reporters.JUnitReportReporter -->
<testsuite hostname="Rahman2202" failures="0" tests="3" name="TestPackge.AcctPageTesting" time="7.183" errors="0" timestamp="2025-09-06T23:49:39 EDT" skipped="0">
  <testcase classname="TestPackge.AcctPageTesting" name="accountDetails" time="5.282"/>
  <testcase classname="TestPackge.AcctPageTesting" name="depositTest" time="1.874"/>
  <testcase classname="TestPackge.AcctPageTesting" name="welcomeMsg" time="0.027"/>
</testsuite> <!-- TestPackge.AcctPageTesting -->
