<?xml version="1.0" encoding="UTF-8"?>
<!-- Generated by org.testng.reporters.JUnitReportReporter -->
<testsuite hostname="Rahman2202" failures="0" tests="2" name="TestPackge.TestHome" time="0.086" errors="0" timestamp="2025-09-05T01:35:39 EDT" skipped="0">
  <testcase classname="TestPackge.TestHome" name="testHomePageTitle" time="0.083"/>
  <testcase classname="TestPackge.TestHome" name="checkUrl" time="0.003"/>
</testsuite> <!-- TestPackge.TestHome -->
