<?xml version="1.0" encoding="UTF-8"?>
<!-- Generated by org.testng.reporters.JUnitReportReporter -->
<testsuite hostname="Rahman2202" failures="0" tests="1" name="TestPackge.RegFormTest" time="2.406" errors="0" timestamp="2025-09-05T01:35:39 EDT" skipped="0">
  <testcase classname="TestPackge.RegFormTest" name="regFormDetails" time="2.406"/>
</testsuite> <!-- TestPackge.RegFormTest -->
