<?xml version="1.0" encoding="UTF-8"?>
<!-- Generated by org.testng.reporters.JUnitReportReporter -->
<testsuite hostname="Rahman2202" failures="0" tests="2" name="TestPackge.CustomerLoginTest" time="2.461" errors="0" timestamp="2025-09-05T01:35:39 EDT" skipped="0">
  <testcase classname="TestPackge.CustomerLoginTest" name="checkTitle" time="1.439"/>
  <testcase classname="TestPackge.CustomerLoginTest" name="checkCustomer" time="1.022"/>
</testsuite> <!-- TestPackge.CustomerLoginTest -->
