<?xml version="1.0" encoding="UTF-8"?>
<!-- Generated by org.testng.reporters.JUnitReportReporter -->
<testsuite hostname="Rahman2202" failures="0" tests="1" name="TestPackge.RegTest" time="0.071" errors="0" timestamp="2025-09-04T13:30:13 EDT" skipped="0">
  <testcase classname="TestPackge.RegTest" name="regPageNavigate" time="0.071"/>
</testsuite> <!-- TestPackge.RegTest -->
