<?xml version="1.0" encoding="UTF-8"?>
<!-- Generated by org.testng.reporters.JUnitReportReporter -->
<testsuite hostname="Rahman2202" failures="0" tests="3" name="TestPackge.AcctPageTesting" time="4.485" errors="0" timestamp="2025-09-05T01:35:39 EDT" skipped="0">
  <testcase classname="TestPackge.AcctPageTesting" name="accountDetails" time="2.485"/>
  <testcase classname="TestPackge.AcctPageTesting" name="welcomeMsg" time="0.007"/>
  <testcase classname="TestPackge.AcctPageTesting" name="depositTest" time="1.993"/>
</testsuite> <!-- TestPackge.AcctPageTesting -->
