<?xml version="1.0" encoding="UTF-8"?>
<!-- Generated by org.testng.reporters.JUnitReportReporter -->
<testsuite hostname="Rahman2202" failures="0" tests="3" name="TestClass.TestHome" time="1.636" errors="0" timestamp="2025-09-03T11:25:34 EDT" skipped="0">
  <testcase classname="TestClass.TestHome" name="testHomePageTitle" time="0.092"/>
  <testcase classname="TestClass.TestHome" name="checkUrl" time="0.002"/>
  <testcase classname="TestClass.TestHome" name="clickRegForm" time="1.542"/>
</testsuite> <!-- TestClass.TestHome -->
