<?xml version="1.0" encoding="UTF-8"?>
<!-- Generated by org.testng.reporters.JUnitReportReporter -->
<testsuite hostname="Rahman2202" failures="0" tests="2" name="TestPackge.TestHome" time="0.569" errors="0" timestamp="2025-09-07T00:01:15 EDT" skipped="0">
  <testcase classname="TestPackge.TestHome" name="testHomePageTitle" time="0.564"/>
  <testcase classname="TestPackge.TestHome" name="checkUrl" time="0.005"/>
</testsuite> <!-- TestPackge.TestHome -->
