<?xml version="1.0" encoding="UTF-8"?>
<!-- Generated by org.testng.reporters.JUnitReportReporter -->
<testsuite hostname="Rahman2202" failures="0" tests="3" name="TestPackge.AcctPageTesting" time="7.291" errors="0" timestamp="2025-09-07T00:01:15 EDT" skipped="0">
  <testcase classname="TestPackge.AcctPageTesting" name="accountDetails" time="5.393"/>
  <testcase classname="TestPackge.AcctPageTesting" name="welcomeMsg" time="0.010"/>
  <testcase classname="TestPackge.AcctPageTesting" name="depositTest" time="1.888"/>
</testsuite> <!-- TestPackge.AcctPageTesting -->
