<?xml version="1.0" encoding="UTF-8"?>
<!-- Generated by org.testng.reporters.JUnitReportReporter -->
<testsuite hostname="Rahman2202" failures="0" tests="2" name="TestPackge.CustomerLoginTest" time="4.202" errors="0" timestamp="2025-09-07T00:01:15 EDT" skipped="0">
  <testcase classname="TestPackge.CustomerLoginTest" name="checkTitle" time="3.136"/>
  <testcase classname="TestPackge.CustomerLoginTest" name="checkCustomer" time="1.066"/>
</testsuite> <!-- TestPackge.CustomerLoginTest -->
