<?xml version="1.0" encoding="UTF-8"?>
<!-- Generated by org.testng.reporters.JUnitReportReporter -->
<testsuite hostname="Rahman2202" failures="0" tests="3" name="TestPackge.TestHome" time="1.548" errors="0" timestamp="2025-09-03T12:38:28 EDT" skipped="0">
  <testcase classname="TestPackge.TestHome" name="testHomePageTitle" time="0.075"/>
  <testcase classname="TestPackge.TestHome" name="checkUrl" time="0.001"/>
  <testcase classname="TestPackge.TestHome" name="clickRegForm" time="1.472"/>
</testsuite> <!-- TestPackge.TestHome -->
